{"name":"hexo","hostname":"DESKTOP-BFPAGM4","pid":10064,"level":20,"msg":"Writing database to E:\\博客\\yunblog/db.json","time":"2020-06-18T01:41:47.312Z","v":0}
{"name":"hexo","hostname":"DESKTOP-BFPAGM4","pid":10064,"level":20,"msg":"Hexo version: \u001b[35m4.2.1\u001b[39m","time":"2020-06-18T01:41:47.349Z","v":0}
{"name":"hexo","hostname":"DESKTOP-BFPAGM4","pid":10064,"level":20,"msg":"Working directory: \u001b[35mE:\\博客\\yunblog\\\u001b[39m","time":"2020-06-18T01:41:47.349Z","v":0}
{"name":"hexo","hostname":"DESKTOP-BFPAGM4","pid":10064,"level":20,"msg":"Config loaded: \u001b[35mE:\\博客\\yunblog\\_config.yml\u001b[39m","time":"2020-06-18T01:41:47.645Z","v":0}
{"name":"hexo","hostname":"DESKTOP-BFPAGM4","pid":10064,"level":20,"msg":"Plugin loaded: \u001b[35mhexo-admin\u001b[39m","time":"2020-06-18T01:41:48.464Z","v":0}
{"name":"hexo","hostname":"DESKTOP-BFPAGM4","pid":10064,"level":20,"msg":"Plugin loaded: \u001b[35mhexo-blog-encrypt\u001b[39m","time":"2020-06-18T01:41:48.704Z","v":0}
{"name":"hexo","hostname":"DESKTOP-BFPAGM4","pid":10064,"level":20,"msg":"Plugin loaded: \u001b[35mhexo-deployer-git\u001b[39m","time":"2020-06-18T01:41:49.050Z","v":0}
{"name":"hexo","hostname":"DESKTOP-BFPAGM4","pid":10064,"level":20,"msg":"Plugin loaded: \u001b[35mhexo-generator-archive\u001b[39m","time":"2020-06-18T01:41:49.055Z","v":0}
{"name":"hexo","hostname":"DESKTOP-BFPAGM4","pid":10064,"level":20,"msg":"Plugin loaded: \u001b[35mhexo-generator-category\u001b[39m","time":"2020-06-18T01:41:49.058Z","v":0}
{"name":"hexo","hostname":"DESKTOP-BFPAGM4","pid":10064,"level":20,"msg":"Plugin loaded: \u001b[35mhexo-generator-baidu-sitemap\u001b[39m","time":"2020-06-18T01:41:49.073Z","v":0}
{"name":"hexo","hostname":"DESKTOP-BFPAGM4","pid":10064,"level":20,"msg":"Plugin loaded: \u001b[35mhexo-generator-index-pin-top\u001b[39m","time":"2020-06-18T01:41:49.085Z","v":0}
{"name":"hexo","hostname":"DESKTOP-BFPAGM4","pid":10064,"level":20,"msg":"Plugin loaded: \u001b[35mhexo-generator-searchdb\u001b[39m","time":"2020-06-18T01:41:49.089Z","v":0}
{"name":"hexo","hostname":"DESKTOP-BFPAGM4","pid":10064,"level":20,"msg":"Plugin loaded: \u001b[35mhexo-generator-sitemap\u001b[39m","time":"2020-06-18T01:41:49.154Z","v":0}
{"name":"hexo","hostname":"DESKTOP-BFPAGM4","pid":10064,"level":20,"msg":"Plugin loaded: \u001b[35mhexo-renderer-ejs\u001b[39m","time":"2020-06-18T01:41:49.158Z","v":0}
{"name":"hexo","hostname":"DESKTOP-BFPAGM4","pid":10064,"level":20,"msg":"Plugin loaded: \u001b[35mhexo-helper-live2d\u001b[39m","time":"2020-06-18T01:41:49.453Z","v":0}
{"name":"hexo","hostname":"DESKTOP-BFPAGM4","pid":10064,"level":20,"msg":"Plugin loaded: \u001b[35mhexo-generator-tag\u001b[39m","time":"2020-06-18T01:41:49.460Z","v":0}
{"name":"hexo","hostname":"DESKTOP-BFPAGM4","pid":10064,"level":20,"msg":"Plugin loaded: \u001b[35mhexo-renderer-marked\u001b[39m","time":"2020-06-18T01:41:49.571Z","v":0}
{"name":"hexo","hostname":"DESKTOP-BFPAGM4","pid":10064,"level":20,"msg":"Plugin loaded: \u001b[35mhexo-renderer-stylus\u001b[39m","time":"2020-06-18T01:41:49.809Z","v":0}
{"name":"hexo","hostname":"DESKTOP-BFPAGM4","pid":10064,"level":20,"msg":"Plugin loaded: \u001b[35mhexo-server\u001b[39m","time":"2020-06-18T01:41:49.979Z","v":0}
{"name":"hexo","hostname":"DESKTOP-BFPAGM4","pid":10064,"level":20,"msg":"Plugin loaded: \u001b[35mhexo-symbols-count-time\u001b[39m","time":"2020-06-18T01:41:49.982Z","v":0}
{"name":"hexo","hostname":"DESKTOP-BFPAGM4","pid":10064,"level":20,"msg":"Plugin loaded: \u001b[35mhexo-wordcount\u001b[39m","time":"2020-06-18T01:41:49.984Z","v":0}
{"name":"hexo","hostname":"DESKTOP-BFPAGM4","pid":10064,"level":20,"msg":"Plugin loaded: \u001b[35mhexo-fs\u001b[39m","time":"2020-06-18T01:41:49.997Z","v":0}
{"name":"hexo","hostname":"DESKTOP-BFPAGM4","pid":10064,"level":20,"msg":"Script loaded: \u001b[35mthemes\\next-reloaded\\scripts\\events\\index.js\u001b[39m","time":"2020-06-18T01:41:50.016Z","v":0}
{"name":"hexo","hostname":"DESKTOP-BFPAGM4","pid":10064,"level":20,"msg":"Script loaded: \u001b[35mthemes\\next-reloaded\\scripts\\events\\lib\\config.js\u001b[39m","time":"2020-06-18T01:41:50.017Z","v":0}
{"name":"hexo","hostname":"DESKTOP-BFPAGM4","pid":10064,"level":20,"msg":"Script loaded: \u001b[35mthemes\\next-reloaded\\scripts\\events\\lib\\injects-point.js\u001b[39m","time":"2020-06-18T01:41:50.018Z","v":0}
{"name":"hexo","hostname":"DESKTOP-BFPAGM4","pid":10064,"level":20,"msg":"Script loaded: \u001b[35mthemes\\next-reloaded\\scripts\\events\\lib\\injects.js\u001b[39m","time":"2020-06-18T01:41:50.021Z","v":0}
{"name":"hexo","hostname":"DESKTOP-BFPAGM4","pid":10064,"level":20,"msg":"Script loaded: \u001b[35mthemes\\next-reloaded\\scripts\\filters\\comment\\changyan.js\u001b[39m","time":"2020-06-18T01:41:50.024Z","v":0}
{"name":"hexo","hostname":"DESKTOP-BFPAGM4","pid":10064,"level":20,"msg":"Script loaded: \u001b[35mthemes\\next-reloaded\\scripts\\filters\\comment\\common.js\u001b[39m","time":"2020-06-18T01:41:50.025Z","v":0}
{"name":"hexo","hostname":"DESKTOP-BFPAGM4","pid":10064,"level":20,"msg":"Script loaded: \u001b[35mthemes\\next-reloaded\\scripts\\filters\\comment\\default-config.js\u001b[39m","time":"2020-06-18T01:41:50.028Z","v":0}
{"name":"hexo","hostname":"DESKTOP-BFPAGM4","pid":10064,"level":20,"msg":"Script loaded: \u001b[35mthemes\\next-reloaded\\scripts\\filters\\comment\\disqus.js\u001b[39m","time":"2020-06-18T01:41:50.029Z","v":0}
{"name":"hexo","hostname":"DESKTOP-BFPAGM4","pid":10064,"level":20,"msg":"Script loaded: \u001b[35mthemes\\next-reloaded\\scripts\\filters\\comment\\disqusjs.js\u001b[39m","time":"2020-06-18T01:41:50.031Z","v":0}
{"name":"hexo","hostname":"DESKTOP-BFPAGM4","pid":10064,"level":20,"msg":"Script loaded: \u001b[35mthemes\\next-reloaded\\scripts\\filters\\comment\\gitalk.js\u001b[39m","time":"2020-06-18T01:41:50.031Z","v":0}
{"name":"hexo","hostname":"DESKTOP-BFPAGM4","pid":10064,"level":20,"msg":"Script loaded: \u001b[35mthemes\\next-reloaded\\scripts\\filters\\comment\\livere.js\u001b[39m","time":"2020-06-18T01:41:50.032Z","v":0}
{"name":"hexo","hostname":"DESKTOP-BFPAGM4","pid":10064,"level":20,"msg":"Script loaded: \u001b[35mthemes\\next-reloaded\\scripts\\filters\\comment\\valine.js\u001b[39m","time":"2020-06-18T01:41:50.033Z","v":0}
{"name":"hexo","hostname":"DESKTOP-BFPAGM4","pid":10064,"level":20,"msg":"Script loaded: \u001b[35mthemes\\next-reloaded\\scripts\\filters\\default-injects.js\u001b[39m","time":"2020-06-18T01:41:50.035Z","v":0}
{"name":"hexo","hostname":"DESKTOP-BFPAGM4","pid":10064,"level":20,"msg":"Script loaded: \u001b[35mthemes\\next-reloaded\\scripts\\filters\\front-matter.js\u001b[39m","time":"2020-06-18T01:41:50.035Z","v":0}
{"name":"hexo","hostname":"DESKTOP-BFPAGM4","pid":10064,"level":20,"msg":"Script loaded: \u001b[35mthemes\\next-reloaded\\scripts\\filters\\locals.js\u001b[39m","time":"2020-06-18T01:41:50.036Z","v":0}
{"name":"hexo","hostname":"DESKTOP-BFPAGM4","pid":10064,"level":20,"msg":"Script loaded: \u001b[35mthemes\\next-reloaded\\scripts\\filters\\minify.js\u001b[39m","time":"2020-06-18T01:41:50.037Z","v":0}
{"name":"hexo","hostname":"DESKTOP-BFPAGM4","pid":10064,"level":20,"msg":"Script loaded: \u001b[35mthemes\\next-reloaded\\scripts\\filters\\post.js\u001b[39m","time":"2020-06-18T01:41:50.038Z","v":0}
{"name":"hexo","hostname":"DESKTOP-BFPAGM4","pid":10064,"level":20,"msg":"Script loaded: \u001b[35mthemes\\next-reloaded\\scripts\\helpers\\engine.js\u001b[39m","time":"2020-06-18T01:41:50.039Z","v":0}
{"name":"hexo","hostname":"DESKTOP-BFPAGM4","pid":10064,"level":20,"msg":"Script loaded: \u001b[35mthemes\\next-reloaded\\scripts\\helpers\\font.js\u001b[39m","time":"2020-06-18T01:41:50.040Z","v":0}
{"name":"hexo","hostname":"DESKTOP-BFPAGM4","pid":10064,"level":20,"msg":"Script loaded: \u001b[35mthemes\\next-reloaded\\scripts\\helpers\\next-config.js\u001b[39m","time":"2020-06-18T01:41:50.040Z","v":0}
{"name":"hexo","hostname":"DESKTOP-BFPAGM4","pid":10064,"level":20,"msg":"Script loaded: \u001b[35mthemes\\next-reloaded\\scripts\\helpers\\next-url.js\u001b[39m","time":"2020-06-18T01:41:50.042Z","v":0}
{"name":"hexo","hostname":"DESKTOP-BFPAGM4","pid":10064,"level":20,"msg":"Script loaded: \u001b[35mthemes\\next-reloaded\\scripts\\renderer.js\u001b[39m","time":"2020-06-18T01:41:50.047Z","v":0}
{"name":"hexo","hostname":"DESKTOP-BFPAGM4","pid":10064,"level":20,"msg":"Script loaded: \u001b[35mthemes\\next-reloaded\\scripts\\tags\\button.js\u001b[39m","time":"2020-06-18T01:41:50.047Z","v":0}
{"name":"hexo","hostname":"DESKTOP-BFPAGM4","pid":10064,"level":20,"msg":"Script loaded: \u001b[35mthemes\\next-reloaded\\scripts\\tags\\caniuse.js\u001b[39m","time":"2020-06-18T01:41:50.048Z","v":0}
{"name":"hexo","hostname":"DESKTOP-BFPAGM4","pid":10064,"level":20,"msg":"Script loaded: \u001b[35mthemes\\next-reloaded\\scripts\\tags\\center-quote.js\u001b[39m","time":"2020-06-18T01:41:50.049Z","v":0}
{"name":"hexo","hostname":"DESKTOP-BFPAGM4","pid":10064,"level":20,"msg":"Script loaded: \u001b[35mthemes\\next-reloaded\\scripts\\tags\\group-pictures.js\u001b[39m","time":"2020-06-18T01:41:50.050Z","v":0}
{"name":"hexo","hostname":"DESKTOP-BFPAGM4","pid":10064,"level":20,"msg":"Script loaded: \u001b[35mthemes\\next-reloaded\\scripts\\tags\\label.js\u001b[39m","time":"2020-06-18T01:41:50.051Z","v":0}
{"name":"hexo","hostname":"DESKTOP-BFPAGM4","pid":10064,"level":20,"msg":"Script loaded: \u001b[35mthemes\\next-reloaded\\scripts\\tags\\mermaid.js\u001b[39m","time":"2020-06-18T01:41:50.051Z","v":0}
{"name":"hexo","hostname":"DESKTOP-BFPAGM4","pid":10064,"level":20,"msg":"Script loaded: \u001b[35mthemes\\next-reloaded\\scripts\\tags\\note.js\u001b[39m","time":"2020-06-18T01:41:50.052Z","v":0}
{"name":"hexo","hostname":"DESKTOP-BFPAGM4","pid":10064,"level":20,"msg":"Script loaded: \u001b[35mthemes\\next-reloaded\\scripts\\tags\\pdf.js\u001b[39m","time":"2020-06-18T01:41:50.053Z","v":0}
{"name":"hexo","hostname":"DESKTOP-BFPAGM4","pid":10064,"level":20,"msg":"Script loaded: \u001b[35mthemes\\next-reloaded\\scripts\\tags\\tabs.js\u001b[39m","time":"2020-06-18T01:41:50.053Z","v":0}
{"name":"hexo","hostname":"DESKTOP-BFPAGM4","pid":10064,"level":20,"msg":"Script loaded: \u001b[35mthemes\\next-reloaded\\scripts\\tags\\video.js\u001b[39m","time":"2020-06-18T01:41:50.054Z","v":0}
